<?xml version="1.0" encoding="UTF-8"?>
<testsuite name="com.cadastrobeneficiarios.application.UseCaseTest" tests="1" skipped="0" failures="0" errors="0" timestamp="2024-01-05T14:46:36" hostname="MacBook-Pro-de-wesley.local" time="0.04">
  <properties/>
  <testcase name="testCreateUseCase()" classname="com.cadastrobeneficiarios.application.UseCaseTest" time="0.04"/>
  <system-out><![CDATA[]]></system-out>
  <system-err><![CDATA[]]></system-err>
</testsuite>
