<?xml version="1.0" encoding="UTF-8"?>
<testsuite name="com.cadastrobeneficiarios.domain.BeneficiaryTest" tests="1" skipped="0" failures="0" errors="0" timestamp="2024-01-05T14:30:01" hostname="MacBook-Pro-de-wesley.local" time="0.031">
  <properties/>
  <testcase name="testNewBeneficiary()" classname="com.cadastrobeneficiarios.domain.BeneficiaryTest" time="0.031"/>
  <system-out><![CDATA[]]></system-out>
  <system-err><![CDATA[]]></system-err>
</testsuite>
